Using pre-set license
Built from '2020.3/staging' branch; Version is '2020.3.11f1 (99c7afb366b3) revision 10078127'; Using compiler version '192528614'; Build Type 'Release'
OS: 'Windows 10 Pro; OS build 19043.1165; Version 2009; 64bit' Language: 'en' Physical Memory: 8113 MB
BatchMode: 1, IsHumanControllingUs: 0, StartBugReporterOnCrash: 0, Is64bit: 1, IsPro: 0

 COMMAND LINE ARGUMENTS:
C:\Program Files\Unity\Editor\Unity.exe
-adb2
-batchMode
-noUpm
-name
AssetImportWorker0
-projectPath
C:/Users/Chukwuemeka/Documents/ExtendedReality/Project More/NoteFab
-logFile
Logs/AssetImportWorker0.log
-srvPort
50382
Successfully changed project path to: C:/Users/Chukwuemeka/Documents/ExtendedReality/Project More/NoteFab
C:/Users/Chukwuemeka/Documents/ExtendedReality/Project More/NoteFab
Using Asset Import Pipeline V2.
Refreshing native plugins compatible for Editor in 169.48 ms, found 2 plugins.
Preloading 0 native plugins for Editor in 0.00 ms.
Initialize engine version: 2020.3.11f1 (99c7afb366b3)
[Subsystems] Discovering subsystems at path C:/Program Files/Unity/Editor/Data/Resources/UnitySubsystems
[Subsystems] Discovering subsystems at path C:/Users/Chukwuemeka/Documents/ExtendedReality/Project More/NoteFab/Assets
GfxDevice: creating device client; threaded=0
Direct3D:
    Version:  Direct3D 11.0 [level 11.1]
    Renderer: Intel(R) HD Graphics Family (ID=0xa16)
    Vendor:   
    VRAM:     2048 MB
    Driver:   20.19.15.4835
Initialize mono
Mono path[0] = 'C:/Program Files/Unity/Editor/Data/Managed'
Mono path[1] = 'C:/Program Files/Unity/Editor/Data/MonoBleedingEdge/lib/mono/unityjit'
Mono config path = 'C:/Program Files/Unity/Editor/Data/MonoBleedingEdge/etc'
Using monoOptions --debugger-agent=transport=dt_socket,embedding=1,server=y,suspend=n,address=127.0.0.1:56156
Begin MonoManager ReloadAssembly
Registering precompiled unity dll's ...
Register platform support module: C:/Program Files/Unity/Editor/Data/PlaybackEngines/WindowsStandaloneSupport/UnityEditor.WindowsStandalone.Extensions.dll
Registered in 0.002384 seconds.
Native extension for WindowsStandalone target not found
Refreshing native plugins compatible for Editor in 53.04 ms, found 2 plugins.
Preloading 0 native plugins for Editor in 0.00 ms.
Mono: successfully reloaded assembly
- Completed reload, in  6.487 seconds
Platform modules already initialized, skipping
Registering precompiled user dll's ...
Registered in 0.019276 seconds.
Begin MonoManager ReloadAssembly
Native extension for WindowsStandalone target not found
Refreshing native plugins compatible for Editor in 0.63 ms, found 2 plugins.
Preloading 0 native plugins for Editor in 0.00 ms.
Mono: successfully reloaded assembly
- Completed reload, in  2.928 seconds
Platform modules already initialized, skipping
========================================================================
Worker process is ready to serve import requests
Launched and connected shader compiler UnityShaderCompiler.exe after 0.12 seconds
Refreshing native plugins compatible for Editor in 0.95 ms, found 2 plugins.
Preloading 0 native plugins for Editor in 0.00 ms.
Unloading 1755 Unused Serialized files (Serialized files now loaded: 0)
System memory in use before: 81.6 MB.
System memory in use after: 81.7 MB.

Unloading 20 unused Assets to reduce memory usage. Loaded Objects now: 2192.
Total: 6.006300 ms (FindLiveObjects: 1.164000 ms CreateObjectMapping: 0.312700 ms MarkObjects: 4.381700 ms  DeleteObjects: 0.143800 ms)

========================================================================
Received Import Request.
  path: Assets/Scripts/Main Script/MainScript.cs
  artifactKey: Guid(1cf48e5bd00bb994492b17de954b8832) Importer(815301076,1909f56bfc062723c751e8b465ee728b)
Start importing Assets/Scripts/Main Script/MainScript.cs using Guid(1cf48e5bd00bb994492b17de954b8832) Importer(815301076,1909f56bfc062723c751e8b465ee728b)  -> (artifact id: '449440c845f69322ae9887e3b748f964') in 0.066207 seconds
  Import took 0.098683 seconds .

========================================================================
Received Prepare
Registering precompiled user dll's ...
Registered in 0.006907 seconds.
Begin MonoManager ReloadAssembly
Native extension for WindowsStandalone target not found
Refreshing native plugins compatible for Editor in 11.06 ms, found 2 plugins.
Preloading 0 native plugins for Editor in 0.00 ms.
Mono: successfully reloaded assembly
- Completed reload, in  3.034 seconds
Platform modules already initialized, skipping
Switching build target platform(19) subTarget(0) extendedPlatform(0) -> platform(13) subTarget(537395200) extendedPlatform(0)
Refreshing native plugins compatible for Editor in 0.54 ms, found 2 plugins.
Preloading 0 native plugins for Editor in 0.00 ms.
Unloading 1730 Unused Serialized files (Serialized files now loaded: 0)
System memory in use before: 79.2 MB.
System memory in use after: 79.3 MB.

Unloading 15 unused Assets to reduce memory usage. Loaded Objects now: 2196.
Total: 4.838600 ms (FindLiveObjects: 0.874900 ms CreateObjectMapping: 0.315400 ms MarkObjects: 3.564100 ms  DeleteObjects: 0.082000 ms)

AssetImportParameters requested are different than current active one (requested -> active):
  custom:graphics/normal-map-encoding: 01000000000000000000000000000000 -> 02000000000000000000000000000000
========================================================================
Received Import Request.
  Time since last request: 442.433000 seconds.
  path: Assets/Prefabs/NoteContainer.prefab
  artifactKey: Guid(8b96f719d12a53d4d98b751da2ac4645) Importer(815301076,1909f56bfc062723c751e8b465ee728b)
Start importing Assets/Prefabs/NoteContainer.prefab using Guid(8b96f719d12a53d4d98b751da2ac4645) Importer(815301076,1909f56bfc062723c751e8b465ee728b)  -> (artifact id: '68d15bda9770974b41235085f15d3367') in 0.131428 seconds
  Import took 0.166379 seconds .

========================================================================
Received Prepare
Registering precompiled user dll's ...
Registered in 0.005941 seconds.
Begin MonoManager ReloadAssembly
Native extension for WindowsStandalone target not found
Refreshing native plugins compatible for Editor in 0.52 ms, found 2 plugins.
Preloading 0 native plugins for Editor in 0.00 ms.
Mono: successfully reloaded assembly
- Completed reload, in  2.543 seconds
Platform modules already initialized, skipping
Switching build target platform(19) subTarget(0) extendedPlatform(0) -> platform(13) subTarget(537395200) extendedPlatform(0)
Refreshing native plugins compatible for Editor in 2.01 ms, found 2 plugins.
Preloading 0 native plugins for Editor in 0.00 ms.
Unloading 1730 Unused Serialized files (Serialized files now loaded: 0)
System memory in use before: 79.3 MB.
System memory in use after: 79.4 MB.

Unloading 15 unused Assets to reduce memory usage. Loaded Objects now: 2200.
Total: 7.393100 ms (FindLiveObjects: 0.425300 ms CreateObjectMapping: 0.320400 ms MarkObjects: 6.468300 ms  DeleteObjects: 0.174700 ms)

AssetImportParameters requested are different than current active one (requested -> active):
  custom:graphics/normal-map-encoding: 01000000000000000000000000000000 -> 02000000000000000000000000000000
========================================================================
Received Import Request.
  Time since last request: 244.723168 seconds.
  path: Assets/Scripts/NotePad Script/NoteScript.cs
  artifactKey: Guid(8638106013746f44faebe6abc7ff8d98) Importer(815301076,1909f56bfc062723c751e8b465ee728b)
Start importing Assets/Scripts/NotePad Script/NoteScript.cs using Guid(8638106013746f44faebe6abc7ff8d98) Importer(815301076,1909f56bfc062723c751e8b465ee728b)  -> (artifact id: '079aa4e9ba6c07c2ed2a001bd4077c79') in 0.021155 seconds
  Import took 0.052769 seconds .

========================================================================
Received Prepare
Registering precompiled user dll's ...
Registered in 0.006802 seconds.
Begin MonoManager ReloadAssembly
Native extension for WindowsStandalone target not found
Refreshing native plugins compatible for Editor in 1.00 ms, found 2 plugins.
Preloading 0 native plugins for Editor in 0.00 ms.
Mono: successfully reloaded assembly
- Completed reload, in  3.860 seconds
Platform modules already initialized, skipping
Switching build target platform(19) subTarget(0) extendedPlatform(0) -> platform(13) subTarget(537395200) extendedPlatform(0)
Refreshing native plugins compatible for Editor in 1.40 ms, found 2 plugins.
Preloading 0 native plugins for Editor in 0.00 ms.
Unloading 1730 Unused Serialized files (Serialized files now loaded: 0)
System memory in use before: 79.3 MB.
System memory in use after: 79.4 MB.

Unloading 15 unused Assets to reduce memory usage. Loaded Objects now: 2204.
Total: 4.750300 ms (FindLiveObjects: 0.831800 ms CreateObjectMapping: 0.266100 ms MarkObjects: 3.556800 ms  DeleteObjects: 0.092500 ms)

AssetImportParameters requested are different than current active one (requested -> active):
  custom:graphics/normal-map-encoding: 01000000000000000000000000000000 -> 02000000000000000000000000000000
========================================================================
Received Prepare
Registering precompiled user dll's ...
Registered in 0.023087 seconds.
Begin MonoManager ReloadAssembly
Native extension for WindowsStandalone target not found
Refreshing native plugins compatible for Editor in 0.78 ms, found 2 plugins.
Preloading 0 native plugins for Editor in 0.00 ms.
Mono: successfully reloaded assembly
- Completed reload, in  2.964 seconds
Platform modules already initialized, skipping
Switching build target platform(19) subTarget(0) extendedPlatform(0) -> platform(13) subTarget(537395200) extendedPlatform(0)
Refreshing native plugins compatible for Editor in 0.69 ms, found 2 plugins.
Preloading 0 native plugins for Editor in 0.00 ms.
Unloading 1730 Unused Serialized files (Serialized files now loaded: 0)
System memory in use before: 79.3 MB.
System memory in use after: 79.4 MB.

Unloading 15 unused Assets to reduce memory usage. Loaded Objects now: 2208.
Total: 3.852900 ms (FindLiveObjects: 0.532900 ms CreateObjectMapping: 0.215800 ms MarkObjects: 3.016600 ms  DeleteObjects: 0.084000 ms)

AssetImportParameters requested are different than current active one (requested -> active):
  custom:graphics/normal-map-encoding: 01000000000000000000000000000000 -> 02000000000000000000000000000000
========================================================================
Received Prepare
Registering precompiled user dll's ...
Registered in 0.012845 seconds.
Begin MonoManager ReloadAssembly
Native extension for WindowsStandalone target not found
Refreshing native plugins compatible for Editor in 0.48 ms, found 2 plugins.
Preloading 0 native plugins for Editor in 0.00 ms.
Mono: successfully reloaded assembly
- Completed reload, in  3.233 seconds
Platform modules already initialized, skipping
Switching build target platform(19) subTarget(0) extendedPlatform(0) -> platform(13) subTarget(537395200) extendedPlatform(0)
Refreshing native plugins compatible for Editor in 0.52 ms, found 2 plugins.
Preloading 0 native plugins for Editor in 0.00 ms.
Unloading 1730 Unused Serialized files (Serialized files now loaded: 0)
System memory in use before: 79.4 MB.
System memory in use after: 79.4 MB.

Unloading 15 unused Assets to reduce memory usage. Loaded Objects now: 2212.
Total: 9.483000 ms (FindLiveObjects: 0.705700 ms CreateObjectMapping: 0.756200 ms MarkObjects: 7.792200 ms  DeleteObjects: 0.225700 ms)

AssetImportParameters requested are different than current active one (requested -> active):
  custom:graphics/normal-map-encoding: 01000000000000000000000000000000 -> 02000000000000000000000000000000
========================================================================
Received Prepare
Registering precompiled user dll's ...
Registered in 1.930429 seconds.
Begin MonoManager ReloadAssembly
Native extension for WindowsStandalone target not found
Refreshing native plugins compatible for Editor in 0.70 ms, found 2 plugins.
Preloading 0 native plugins for Editor in 0.00 ms.
Mono: successfully reloaded assembly
- Completed reload, in  6.376 seconds
Platform modules already initialized, skipping
Switching build target platform(19) subTarget(0) extendedPlatform(0) -> platform(13) subTarget(537395200) extendedPlatform(0)
Refreshing native plugins compatible for Editor in 0.51 ms, found 2 plugins.
Preloading 0 native plugins for Editor in 0.00 ms.
Unloading 1730 Unused Serialized files (Serialized files now loaded: 0)
System memory in use before: 79.4 MB.
System memory in use after: 79.5 MB.

Unloading 15 unused Assets to reduce memory usage. Loaded Objects now: 2216.
Total: 3.527800 ms (FindLiveObjects: 0.204500 ms CreateObjectMapping: 0.105900 ms MarkObjects: 3.106400 ms  DeleteObjects: 0.108800 ms)

AssetImportParameters requested are different than current active one (requested -> active):
  custom:graphics/normal-map-encoding: 01000000000000000000000000000000 -> 02000000000000000000000000000000
========================================================================
Received Prepare
Registering precompiled user dll's ...
Registered in 1.473039 seconds.
Begin MonoManager ReloadAssembly
Native extension for WindowsStandalone target not found
Refreshing native plugins compatible for Editor in 2.38 ms, found 2 plugins.
Preloading 0 native plugins for Editor in 0.00 ms.
Mono: successfully reloaded assembly
- Completed reload, in  5.767 seconds
Platform modules already initialized, skipping
Switching build target platform(19) subTarget(0) extendedPlatform(0) -> platform(13) subTarget(537395200) extendedPlatform(0)
Refreshing native plugins compatible for Editor in 0.89 ms, found 2 plugins.
Preloading 0 native plugins for Editor in 0.00 ms.
Unloading 1730 Unused Serialized files (Serialized files now loaded: 0)
System memory in use before: 79.4 MB.
System memory in use after: 79.5 MB.

Unloading 15 unused Assets to reduce memory usage. Loaded Objects now: 2220.
Total: 101.641700 ms (FindLiveObjects: 0.863100 ms CreateObjectMapping: 0.173000 ms MarkObjects: 95.931100 ms  DeleteObjects: 4.668400 ms)

AssetImportParameters requested are different than current active one (requested -> active):
  custom:graphics/normal-map-encoding: 01000000000000000000000000000000 -> 02000000000000000000000000000000
========================================================================
Received Prepare
Registering precompiled user dll's ...
Registered in 0.089485 seconds.
Begin MonoManager ReloadAssembly
Native extension for WindowsStandalone target not found
Refreshing native plugins compatible for Editor in 0.53 ms, found 2 plugins.
Preloading 0 native plugins for Editor in 0.00 ms.
Mono: successfully reloaded assembly
- Completed reload, in  2.488 seconds
Platform modules already initialized, skipping
Switching build target platform(19) subTarget(0) extendedPlatform(0) -> platform(13) subTarget(537395200) extendedPlatform(0)
Refreshing native plugins compatible for Editor in 1.01 ms, found 2 plugins.
Preloading 0 native plugins for Editor in 0.00 ms.
Unloading 1730 Unused Serialized files (Serialized files now loaded: 0)
System memory in use before: 79.4 MB.
System memory in use after: 79.5 MB.

Unloading 15 unused Assets to reduce memory usage. Loaded Objects now: 2224.
Total: 4.483000 ms (FindLiveObjects: 0.341800 ms CreateObjectMapping: 0.125500 ms MarkObjects: 3.859200 ms  DeleteObjects: 0.153600 ms)

AssetImportParameters requested are different than current active one (requested -> active):
  custom:graphics/normal-map-encoding: 01000000000000000000000000000000 -> 02000000000000000000000000000000
========================================================================
Received Prepare
Registering precompiled user dll's ...
Registered in 0.012835 seconds.
Begin MonoManager ReloadAssembly
Native extension for WindowsStandalone target not found
Refreshing native plugins compatible for Editor in 1.06 ms, found 2 plugins.
Preloading 0 native plugins for Editor in 0.00 ms.
Mono: successfully reloaded assembly
- Completed reload, in  2.803 seconds
Platform modules already initialized, skipping
Switching build target platform(19) subTarget(0) extendedPlatform(0) -> platform(13) subTarget(537395200) extendedPlatform(0)
Refreshing native plugins compatible for Editor in 0.53 ms, found 2 plugins.
Preloading 0 native plugins for Editor in 0.00 ms.
Unloading 1730 Unused Serialized files (Serialized files now loaded: 0)
System memory in use before: 79.4 MB.
System memory in use after: 79.5 MB.

Unloading 15 unused Assets to reduce memory usage. Loaded Objects now: 2228.
Total: 3.529600 ms (FindLiveObjects: 0.281600 ms CreateObjectMapping: 0.187100 ms MarkObjects: 2.976800 ms  DeleteObjects: 0.082200 ms)

AssetImportParameters requested are different than current active one (requested -> active):
  custom:graphics/normal-map-encoding: 01000000000000000000000000000000 -> 02000000000000000000000000000000
========================================================================
Received Prepare
Registering precompiled user dll's ...
Registered in 0.009324 seconds.
Begin MonoManager ReloadAssembly
Native extension for WindowsStandalone target not found
Refreshing native plugins compatible for Editor in 0.63 ms, found 2 plugins.
Preloading 0 native plugins for Editor in 0.00 ms.
Mono: successfully reloaded assembly
- Completed reload, in  2.680 seconds
Platform modules already initialized, skipping
Switching build target platform(19) subTarget(0) extendedPlatform(0) -> platform(13) subTarget(537395200) extendedPlatform(0)
Refreshing native plugins compatible for Editor in 0.49 ms, found 2 plugins.
Preloading 0 native plugins for Editor in 0.00 ms.
Unloading 1730 Unused Serialized files (Serialized files now loaded: 0)
System memory in use before: 79.4 MB.
System memory in use after: 79.5 MB.

Unloading 15 unused Assets to reduce memory usage. Loaded Objects now: 2232.
Total: 3.321600 ms (FindLiveObjects: 0.425600 ms CreateObjectMapping: 0.187500 ms MarkObjects: 2.637100 ms  DeleteObjects: 0.069700 ms)

AssetImportParameters requested are different than current active one (requested -> active):
  custom:graphics/normal-map-encoding: 01000000000000000000000000000000 -> 02000000000000000000000000000000
========================================================================
Received Prepare
Registering precompiled user dll's ...
Registered in 0.052603 seconds.
Begin MonoManager ReloadAssembly
Native extension for WindowsStandalone target not found
Refreshing native plugins compatible for Editor in 0.82 ms, found 2 plugins.
Preloading 0 native plugins for Editor in 0.00 ms.
Mono: successfully reloaded assembly
- Completed reload, in  5.344 seconds
Platform modules already initialized, skipping
Switching build target platform(19) subTarget(0) extendedPlatform(0) -> platform(13) subTarget(537395200) extendedPlatform(0)
Refreshing native plugins compatible for Editor in 0.68 ms, found 2 plugins.
Preloading 0 native plugins for Editor in 0.00 ms.
Unloading 1730 Unused Serialized files (Serialized files now loaded: 0)
System memory in use before: 79.4 MB.
System memory in use after: 79.5 MB.

Unloading 15 unused Assets to reduce memory usage. Loaded Objects now: 2236.
Total: 4.878500 ms (FindLiveObjects: 0.261800 ms CreateObjectMapping: 0.128100 ms MarkObjects: 4.392800 ms  DeleteObjects: 0.093100 ms)

AssetImportParameters requested are different than current active one (requested -> active):
  custom:graphics/normal-map-encoding: 01000000000000000000000000000000 -> 02000000000000000000000000000000
========================================================================
Received Import Request.
  Time since last request: 249227.020897 seconds.
  path: Assets/Scenes/Main.unity
  artifactKey: Guid(d0197556dfb442845a2aaab76825914d) Importer(815301076,1909f56bfc062723c751e8b465ee728b)
Start importing Assets/Scenes/Main.unity using Guid(d0197556dfb442845a2aaab76825914d) Importer(815301076,1909f56bfc062723c751e8b465ee728b)  -> (artifact id: 'c944b988b101b1318dc9e5c894965bbe') in 0.284993 seconds
  Import took 0.356527 seconds .

========================================================================
Received Prepare
Registering precompiled user dll's ...
Registered in 0.005210 seconds.
Begin MonoManager ReloadAssembly
Native extension for WindowsStandalone target not found
Refreshing native plugins compatible for Editor in 0.91 ms, found 2 plugins.
Preloading 0 native plugins for Editor in 0.00 ms.
Mono: successfully reloaded assembly
- Completed reload, in  4.961 seconds
Platform modules already initialized, skipping
Switching build target platform(19) subTarget(0) extendedPlatform(0) -> platform(13) subTarget(537395200) extendedPlatform(0)
Refreshing native plugins compatible for Editor in 0.61 ms, found 2 plugins.
Preloading 0 native plugins for Editor in 0.00 ms.
Unloading 1730 Unused Serialized files (Serialized files now loaded: 0)
System memory in use before: 79.4 MB.
System memory in use after: 79.5 MB.

Unloading 15 unused Assets to reduce memory usage. Loaded Objects now: 2240.
Total: 3.782800 ms (FindLiveObjects: 0.310100 ms CreateObjectMapping: 0.196400 ms MarkObjects: 3.187100 ms  DeleteObjects: 0.086900 ms)

AssetImportParameters requested are different than current active one (requested -> active):
  custom:graphics/normal-map-encoding: 01000000000000000000000000000000 -> 02000000000000000000000000000000
========================================================================
Received Import Request.
  Time since last request: 2501.905941 seconds.
  path: Assets/Scenes/Main 1.unity
  artifactKey: Guid(ab3f15ccba23c8d45834e6814cf6a369) Importer(815301076,1909f56bfc062723c751e8b465ee728b)
Start importing Assets/Scenes/Main 1.unity using Guid(ab3f15ccba23c8d45834e6814cf6a369) Importer(815301076,1909f56bfc062723c751e8b465ee728b)  -> (artifact id: '654931ab143f5531df917df6d37c65a9') in 0.048400 seconds
  Import took 0.073491 seconds .

========================================================================
Received Import Request.
  Time since last request: 82.947845 seconds.
  path: Assets/Scenes/Main.unity
  artifactKey: Guid(d0197556dfb442845a2aaab76825914d) Importer(815301076,1909f56bfc062723c751e8b465ee728b)
Start importing Assets/Scenes/Main.unity using Guid(d0197556dfb442845a2aaab76825914d) Importer(815301076,1909f56bfc062723c751e8b465ee728b)  -> (artifact id: 'df8012997d7fd4b9a1ec5f3474404e59') in 0.018229 seconds
  Import took 0.057319 seconds .

========================================================================
Received Prepare
Registering precompiled user dll's ...
Registered in 0.011539 seconds.
Begin MonoManager ReloadAssembly
Native extension for WindowsStandalone target not found
Refreshing native plugins compatible for Editor in 0.80 ms, found 2 plugins.
Preloading 0 native plugins for Editor in 0.00 ms.
Mono: successfully reloaded assembly
- Completed reload, in  6.725 seconds
Platform modules already initialized, skipping
Switching build target platform(19) subTarget(0) extendedPlatform(0) -> platform(13) subTarget(537395200) extendedPlatform(0)
Refreshing native plugins compatible for Editor in 2.23 ms, found 2 plugins.
Preloading 0 native plugins for Editor in 0.00 ms.
Unloading 1730 Unused Serialized files (Serialized files now loaded: 0)
System memory in use before: 79.5 MB.
System memory in use after: 79.5 MB.

Unloading 15 unused Assets to reduce memory usage. Loaded Objects now: 2244.
Total: 5.988600 ms (FindLiveObjects: 0.450400 ms CreateObjectMapping: 0.267700 ms MarkObjects: 4.417400 ms  DeleteObjects: 0.849100 ms)

AssetImportParameters requested are different than current active one (requested -> active):
  custom:graphics/normal-map-encoding: 01000000000000000000000000000000 -> 02000000000000000000000000000000
========================================================================
Received Prepare
Registering precompiled user dll's ...
Registered in 0.008545 seconds.
Begin MonoManager ReloadAssembly
Native extension for WindowsStandalone target not found
Refreshing native plugins compatible for Editor in 0.90 ms, found 2 plugins.
Preloading 0 native plugins for Editor in 0.00 ms.
Mono: successfully reloaded assembly
- Completed reload, in  5.776 seconds
Platform modules already initialized, skipping
Switching build target platform(19) subTarget(0) extendedPlatform(0) -> platform(13) subTarget(537395200) extendedPlatform(0)
Refreshing native plugins compatible for Editor in 0.82 ms, found 2 plugins.
Preloading 0 native plugins for Editor in 0.00 ms.
Unloading 1730 Unused Serialized files (Serialized files now loaded: 0)
System memory in use before: 79.5 MB.
System memory in use after: 79.5 MB.

Unloading 15 unused Assets to reduce memory usage. Loaded Objects now: 2248.
Total: 12.073900 ms (FindLiveObjects: 0.892000 ms CreateObjectMapping: 0.401500 ms MarkObjects: 10.675400 ms  DeleteObjects: 0.101900 ms)

AssetImportParameters requested are different than current active one (requested -> active):
  custom:graphics/normal-map-encoding: 01000000000000000000000000000000 -> 02000000000000000000000000000000
========================================================================
Received Prepare
Registering precompiled user dll's ...
Registered in 0.006708 seconds.
Begin MonoManager ReloadAssembly
Native extension for WindowsStandalone target not found
Refreshing native plugins compatible for Editor in 2.60 ms, found 2 plugins.
Preloading 0 native plugins for Editor in 0.00 ms.
Mono: successfully reloaded assembly
- Completed reload, in  5.717 seconds
Platform modules already initialized, skipping
Switching build target platform(19) subTarget(0) extendedPlatform(0) -> platform(13) subTarget(537395200) extendedPlatform(0)
Refreshing native plugins compatible for Editor in 0.56 ms, found 2 plugins.
Preloading 0 native plugins for Editor in 0.00 ms.
Unloading 1730 Unused Serialized files (Serialized files now loaded: 0)
System memory in use before: 79.5 MB.
System memory in use after: 79.6 MB.

Unloading 15 unused Assets to reduce memory usage. Loaded Objects now: 2252.
Total: 4.196000 ms (FindLiveObjects: 0.406600 ms CreateObjectMapping: 0.265900 ms MarkObjects: 3.429700 ms  DeleteObjects: 0.091400 ms)

AssetImportParameters requested are different than current active one (requested -> active):
  custom:graphics/normal-map-encoding: 01000000000000000000000000000000 -> 02000000000000000000000000000000
========================================================================
Received Prepare
Registering precompiled user dll's ...
Registered in 0.007347 seconds.
Begin MonoManager ReloadAssembly
Native extension for WindowsStandalone target not found
Refreshing native plugins compatible for Editor in 0.58 ms, found 2 plugins.
Preloading 0 native plugins for Editor in 0.00 ms.
Mono: successfully reloaded assembly
- Completed reload, in  2.775 seconds
Platform modules already initialized, skipping
Switching build target platform(19) subTarget(0) extendedPlatform(0) -> platform(13) subTarget(537395200) extendedPlatform(0)
Refreshing native plugins compatible for Editor in 0.92 ms, found 2 plugins.
Preloading 0 native plugins for Editor in 0.00 ms.
Unloading 1730 Unused Serialized files (Serialized files now loaded: 0)
System memory in use before: 79.5 MB.
System memory in use after: 79.6 MB.

Unloading 15 unused Assets to reduce memory usage. Loaded Objects now: 2256.
Total: 5.167500 ms (FindLiveObjects: 0.393000 ms CreateObjectMapping: 0.245700 ms MarkObjects: 4.428000 ms  DeleteObjects: 0.097800 ms)

AssetImportParameters requested are different than current active one (requested -> active):
  custom:graphics/normal-map-encoding: 01000000000000000000000000000000 -> 02000000000000000000000000000000
========================================================================
Received Prepare
Registering precompiled user dll's ...
Registered in 0.009339 seconds.
Begin MonoManager ReloadAssembly
Native extension for WindowsStandalone target not found
Refreshing native plugins compatible for Editor in 1.16 ms, found 2 plugins.
Preloading 0 native plugins for Editor in 0.00 ms.
Mono: successfully reloaded assembly
- Completed reload, in  4.547 seconds
Platform modules already initialized, skipping
Switching build target platform(19) subTarget(0) extendedPlatform(0) -> platform(13) subTarget(537395200) extendedPlatform(0)
Refreshing native plugins compatible for Editor in 7.94 ms, found 2 plugins.
Preloading 0 native plugins for Editor in 0.00 ms.
Unloading 1730 Unused Serialized files (Serialized files now loaded: 0)
System memory in use before: 79.5 MB.
System memory in use after: 79.6 MB.

Unloading 15 unused Assets to reduce memory usage. Loaded Objects now: 2260.
Total: 7.947600 ms (FindLiveObjects: 0.302700 ms CreateObjectMapping: 0.154400 ms MarkObjects: 7.356300 ms  DeleteObjects: 0.131300 ms)

AssetImportParameters requested are different than current active one (requested -> active):
  custom:graphics/normal-map-encoding: 01000000000000000000000000000000 -> 02000000000000000000000000000000
========================================================================
Received Prepare
Registering precompiled user dll's ...
Registered in 0.027852 seconds.
Begin MonoManager ReloadAssembly
Native extension for WindowsStandalone target not found
Refreshing native plugins compatible for Editor in 0.94 ms, found 2 plugins.
Preloading 0 native plugins for Editor in 0.00 ms.
Mono: successfully reloaded assembly
- Completed reload, in  3.256 seconds
Platform modules already initialized, skipping
Switching build target platform(19) subTarget(0) extendedPlatform(0) -> platform(13) subTarget(537395200) extendedPlatform(0)
Refreshing native plugins compatible for Editor in 4.03 ms, found 2 plugins.
Preloading 0 native plugins for Editor in 0.00 ms.
Unloading 1730 Unused Serialized files (Serialized files now loaded: 0)
System memory in use before: 79.5 MB.
System memory in use after: 79.6 MB.

Unloading 15 unused Assets to reduce memory usage. Loaded Objects now: 2264.
Total: 223.819900 ms (FindLiveObjects: 192.940800 ms CreateObjectMapping: 4.294700 ms MarkObjects: 26.418500 ms  DeleteObjects: 0.160500 ms)

AssetImportParameters requested are different than current active one (requested -> active):
  custom:graphics/normal-map-encoding: 01000000000000000000000000000000 -> 02000000000000000000000000000000
========================================================================
Received Prepare
Registering precompiled user dll's ...
Registered in 0.010589 seconds.
Begin MonoManager ReloadAssembly
Native extension for WindowsStandalone target not found
Refreshing native plugins compatible for Editor in 0.55 ms, found 2 plugins.
Preloading 0 native plugins for Editor in 0.00 ms.
Mono: successfully reloaded assembly
- Completed reload, in  2.709 seconds
Platform modules already initialized, skipping
Switching build target platform(19) subTarget(0) extendedPlatform(0) -> platform(13) subTarget(537395200) extendedPlatform(0)
Refreshing native plugins compatible for Editor in 0.62 ms, found 2 plugins.
Preloading 0 native plugins for Editor in 0.00 ms.
Unloading 1730 Unused Serialized files (Serialized files now loaded: 0)
System memory in use before: 79.5 MB.
System memory in use after: 79.6 MB.

Unloading 15 unused Assets to reduce memory usage. Loaded Objects now: 2268.
Total: 4.751500 ms (FindLiveObjects: 0.493400 ms CreateObjectMapping: 0.222200 ms MarkObjects: 3.763500 ms  DeleteObjects: 0.265600 ms)

AssetImportParameters requested are different than current active one (requested -> active):
  custom:graphics/normal-map-encoding: 01000000000000000000000000000000 -> 02000000000000000000000000000000
========================================================================
Received Import Request.
  Time since last request: 5066.505957 seconds.
  path: Assets/Scenes/Register.unity
  artifactKey: Guid(268f76e2c9635024faa286851bff35c3) Importer(815301076,1909f56bfc062723c751e8b465ee728b)
Start importing Assets/Scenes/Register.unity using Guid(268f76e2c9635024faa286851bff35c3) Importer(815301076,1909f56bfc062723c751e8b465ee728b)  -> (artifact id: '0cdc6ea28c7f7958d0fe87cc3891e041') in 0.043655 seconds
  Import took 0.087115 seconds .

========================================================================
Received Import Request.
  Time since last request: 11.494334 seconds.
  path: Assets/Scenes/Main.unity
  artifactKey: Guid(d0197556dfb442845a2aaab76825914d) Importer(815301076,1909f56bfc062723c751e8b465ee728b)
Start importing Assets/Scenes/Main.unity using Guid(d0197556dfb442845a2aaab76825914d) Importer(815301076,1909f56bfc062723c751e8b465ee728b)  -> (artifact id: '1464d0cee873b20f6131498f8be7a9d6') in 0.013787 seconds
  Import took 0.168158 seconds .

========================================================================
Received Import Request.
  Time since last request: 2.924320 seconds.
  path: Assets/Scenes/NotePad.unity
  artifactKey: Guid(f713e52adfd864842b62427ba65d056c) Importer(815301076,1909f56bfc062723c751e8b465ee728b)
Start importing Assets/Scenes/NotePad.unity using Guid(f713e52adfd864842b62427ba65d056c) Importer(815301076,1909f56bfc062723c751e8b465ee728b)  -> (artifact id: '9c840686992cc240f07f8035ea295637') in 0.039458 seconds
  Import took 0.059042 seconds .

========================================================================
Received Prepare
Registering precompiled user dll's ...
Registered in 0.008704 seconds.
Begin MonoManager ReloadAssembly
Native extension for WindowsStandalone target not found
Refreshing native plugins compatible for Editor in 0.55 ms, found 2 plugins.
Preloading 0 native plugins for Editor in 0.00 ms.
Mono: successfully reloaded assembly
- Completed reload, in  2.722 seconds
Platform modules already initialized, skipping
Switching build target platform(19) subTarget(0) extendedPlatform(0) -> platform(13) subTarget(537395200) extendedPlatform(0)
Refreshing native plugins compatible for Editor in 0.78 ms, found 2 plugins.
Preloading 0 native plugins for Editor in 0.00 ms.
Unloading 1730 Unused Serialized files (Serialized files now loaded: 0)
System memory in use before: 79.5 MB.
System memory in use after: 79.6 MB.

Unloading 15 unused Assets to reduce memory usage. Loaded Objects now: 2272.
Total: 4.504300 ms (FindLiveObjects: 0.356000 ms CreateObjectMapping: 0.228800 ms MarkObjects: 3.828000 ms  DeleteObjects: 0.089400 ms)

AssetImportParameters requested are different than current active one (requested -> active):
  custom:graphics/normal-map-encoding: 01000000000000000000000000000000 -> 02000000000000000000000000000000
========================================================================
Received Prepare
Registering precompiled user dll's ...
Registered in 0.012878 seconds.
Begin MonoManager ReloadAssembly
Native extension for WindowsStandalone target not found
Refreshing native plugins compatible for Editor in 0.54 ms, found 2 plugins.
Preloading 0 native plugins for Editor in 0.00 ms.
Mono: successfully reloaded assembly
- Completed reload, in  3.316 seconds
Platform modules already initialized, skipping
Switching build target platform(19) subTarget(0) extendedPlatform(0) -> platform(13) subTarget(537395200) extendedPlatform(0)
Refreshing native plugins compatible for Editor in 0.55 ms, found 2 plugins.
Preloading 0 native plugins for Editor in 0.00 ms.
Unloading 1730 Unused Serialized files (Serialized files now loaded: 0)
System memory in use before: 79.5 MB.
System memory in use after: 79.6 MB.

Unloading 15 unused Assets to reduce memory usage. Loaded Objects now: 2276.
Total: 3.713700 ms (FindLiveObjects: 0.293400 ms CreateObjectMapping: 0.188500 ms MarkObjects: 3.117700 ms  DeleteObjects: 0.112000 ms)

AssetImportParameters requested are different than current active one (requested -> active):
  custom:graphics/normal-map-encoding: 01000000000000000000000000000000 -> 02000000000000000000000000000000
========================================================================
Received Prepare
Registering precompiled user dll's ...
Registered in 0.027744 seconds.
Begin MonoManager ReloadAssembly
Native extension for WindowsStandalone target not found
Refreshing native plugins compatible for Editor in 0.58 ms, found 2 plugins.
Preloading 0 native plugins for Editor in 0.00 ms.
Mono: successfully reloaded assembly
- Completed reload, in  5.701 seconds
Platform modules already initialized, skipping
Switching build target platform(19) subTarget(0) extendedPlatform(0) -> platform(13) subTarget(537395200) extendedPlatform(0)
Refreshing native plugins compatible for Editor in 1.67 ms, found 2 plugins.
Preloading 0 native plugins for Editor in 0.00 ms.
Unloading 1730 Unused Serialized files (Serialized files now loaded: 0)
System memory in use before: 79.6 MB.
System memory in use after: 79.6 MB.

Unloading 15 unused Assets to reduce memory usage. Loaded Objects now: 2280.
Total: 7.659300 ms (FindLiveObjects: 0.600000 ms CreateObjectMapping: 0.268500 ms MarkObjects: 6.658900 ms  DeleteObjects: 0.127700 ms)

AssetImportParameters requested are different than current active one (requested -> active):
  custom:graphics/normal-map-encoding: 01000000000000000000000000000000 -> 02000000000000000000000000000000
========================================================================
Received Prepare
Refreshing native plugins compatible for Editor in 19.55 ms, found 2 plugins.
Preloading 0 native plugins for Editor in 0.00 ms.
Unloading 12 Unused Serialized files (Serialized files now loaded: 0)
System memory in use before: 45.9 MB.
System memory in use after: 45.9 MB.

Unloading 12 unused Assets to reduce memory usage. Loaded Objects now: 2280.
Total: 10.026300 ms (FindLiveObjects: 0.662900 ms CreateObjectMapping: 0.252800 ms MarkObjects: 8.939000 ms  DeleteObjects: 0.167400 ms)

========================================================================
Received Prepare
Registering precompiled user dll's ...
Registered in 0.099596 seconds.
Begin MonoManager ReloadAssembly
Native extension for WindowsStandalone target not found
Refreshing native plugins compatible for Editor in 0.56 ms, found 2 plugins.
Preloading 0 native plugins for Editor in 0.00 ms.
Mono: successfully reloaded assembly
- Completed reload, in  1.900 seconds
Platform modules already initialized, skipping
Switching build target platform(19) subTarget(0) extendedPlatform(0) -> platform(13) subTarget(537395200) extendedPlatform(0)
Refreshing native plugins compatible for Editor in 0.46 ms, found 2 plugins.
Preloading 0 native plugins for Editor in 0.00 ms.
Unloading 1730 Unused Serialized files (Serialized files now loaded: 0)
System memory in use before: 79.6 MB.
System memory in use after: 79.7 MB.

Unloading 15 unused Assets to reduce memory usage. Loaded Objects now: 2284.
Total: 3.919400 ms (FindLiveObjects: 0.346100 ms CreateObjectMapping: 0.230800 ms MarkObjects: 3.246200 ms  DeleteObjects: 0.094200 ms)

AssetImportParameters requested are different than current active one (requested -> active):
  custom:graphics/normal-map-encoding: 01000000000000000000000000000000 -> 02000000000000000000000000000000
========================================================================
Received Prepare
Refreshing native plugins compatible for Editor in 8.31 ms, found 2 plugins.
Preloading 0 native plugins for Editor in 0.00 ms.
Unloading 12 Unused Serialized files (Serialized files now loaded: 0)
System memory in use before: 45.9 MB.
System memory in use after: 46.0 MB.

Unloading 12 unused Assets to reduce memory usage. Loaded Objects now: 2284.
Total: 4.839500 ms (FindLiveObjects: 0.526100 ms CreateObjectMapping: 0.270100 ms MarkObjects: 3.958600 ms  DeleteObjects: 0.082400 ms)

========================================================================
Received Prepare
Refreshing native plugins compatible for Editor in 10.54 ms, found 2 plugins.
Preloading 0 native plugins for Editor in 0.00 ms.
Unloading 12 Unused Serialized files (Serialized files now loaded: 0)
System memory in use before: 45.9 MB.
System memory in use after: 46.0 MB.

Unloading 12 unused Assets to reduce memory usage. Loaded Objects now: 2284.
Total: 6.944800 ms (FindLiveObjects: 0.595000 ms CreateObjectMapping: 0.262600 ms MarkObjects: 5.978500 ms  DeleteObjects: 0.105900 ms)

========================================================================
Received Prepare
Registering precompiled user dll's ...
Registered in 0.012592 seconds.
Begin MonoManager ReloadAssembly
Native extension for WindowsStandalone target not found
Refreshing native plugins compatible for Editor in 0.46 ms, found 2 plugins.
Preloading 0 native plugins for Editor in 0.00 ms.
Mono: successfully reloaded assembly
- Completed reload, in  2.238 seconds
Platform modules already initialized, skipping
Switching build target platform(19) subTarget(0) extendedPlatform(0) -> platform(13) subTarget(537395200) extendedPlatform(0)
Refreshing native plugins compatible for Editor in 0.78 ms, found 2 plugins.
Preloading 0 native plugins for Editor in 0.00 ms.
Unloading 1730 Unused Serialized files (Serialized files now loaded: 0)
System memory in use before: 79.6 MB.
System memory in use after: 79.7 MB.

Unloading 15 unused Assets to reduce memory usage. Loaded Objects now: 2288.
Total: 3.898000 ms (FindLiveObjects: 0.328600 ms CreateObjectMapping: 0.101900 ms MarkObjects: 3.383300 ms  DeleteObjects: 0.082300 ms)

AssetImportParameters requested are different than current active one (requested -> active):
  custom:graphics/normal-map-encoding: 01000000000000000000000000000000 -> 02000000000000000000000000000000
========================================================================
Received Prepare
Refreshing native plugins compatible for Editor in 10.71 ms, found 2 plugins.
Preloading 0 native plugins for Editor in 0.00 ms.
Unloading 12 Unused Serialized files (Serialized files now loaded: 0)
System memory in use before: 45.9 MB.
System memory in use after: 46.0 MB.

Unloading 12 unused Assets to reduce memory usage. Loaded Objects now: 2288.
Total: 6.733100 ms (FindLiveObjects: 0.537600 ms CreateObjectMapping: 0.261300 ms MarkObjects: 5.781700 ms  DeleteObjects: 0.149100 ms)

========================================================================
Received Import Request.
  Time since last request: 2688.652193 seconds.
  path: Assets/Prefabs/NoteContainer.prefab
  artifactKey: Guid(8b96f719d12a53d4d98b751da2ac4645) Importer(815301076,1909f56bfc062723c751e8b465ee728b)
Start importing Assets/Prefabs/NoteContainer.prefab using Guid(8b96f719d12a53d4d98b751da2ac4645) Importer(815301076,1909f56bfc062723c751e8b465ee728b)  -> (artifact id: '137be6c2650732d77b203c62d322a705') in 0.575793 seconds
  Import took 0.605242 seconds .

========================================================================
Received Prepare
Refreshing native plugins compatible for Editor in 10.56 ms, found 2 plugins.
Preloading 0 native plugins for Editor in 0.00 ms.
Unloading 12 Unused Serialized files (Serialized files now loaded: 0)
System memory in use before: 46.2 MB.
System memory in use after: 46.3 MB.

Unloading 12 unused Assets to reduce memory usage. Loaded Objects now: 2288.
Total: 5.979200 ms (FindLiveObjects: 0.387300 ms CreateObjectMapping: 0.214500 ms MarkObjects: 5.291800 ms  DeleteObjects: 0.083300 ms)

========================================================================
Received Prepare
Registering precompiled user dll's ...
Registered in 0.159620 seconds.
Begin MonoManager ReloadAssembly
Native extension for WindowsStandalone target not found
Refreshing native plugins compatible for Editor in 0.48 ms, found 2 plugins.
Preloading 0 native plugins for Editor in 0.00 ms.
Mono: successfully reloaded assembly
- Completed reload, in  1.953 seconds
Platform modules already initialized, skipping
Switching build target platform(19) subTarget(0) extendedPlatform(0) -> platform(13) subTarget(537395200) extendedPlatform(0)
Refreshing native plugins compatible for Editor in 0.47 ms, found 2 plugins.
Preloading 0 native plugins for Editor in 0.00 ms.
Unloading 1730 Unused Serialized files (Serialized files now loaded: 0)
System memory in use before: 79.6 MB.
System memory in use after: 79.7 MB.

Unloading 15 unused Assets to reduce memory usage. Loaded Objects now: 2292.
Total: 3.563100 ms (FindLiveObjects: 0.298500 ms CreateObjectMapping: 0.227000 ms MarkObjects: 2.956600 ms  DeleteObjects: 0.079500 ms)

AssetImportParameters requested are different than current active one (requested -> active):
  custom:graphics/normal-map-encoding: 01000000000000000000000000000000 -> 02000000000000000000000000000000
========================================================================
Received Prepare
Refreshing native plugins compatible for Editor in 10.32 ms, found 2 plugins.
Preloading 0 native plugins for Editor in 0.00 ms.
Unloading 12 Unused Serialized files (Serialized files now loaded: 0)
System memory in use before: 45.9 MB.
System memory in use after: 46.0 MB.

Unloading 12 unused Assets to reduce memory usage. Loaded Objects now: 2292.
Total: 5.931400 ms (FindLiveObjects: 0.622300 ms CreateObjectMapping: 0.294700 ms MarkObjects: 4.914500 ms  DeleteObjects: 0.096100 ms)

========================================================================
Received Prepare
Refreshing native plugins compatible for Editor in 6.10 ms, found 2 plugins.
Preloading 0 native plugins for Editor in 0.00 ms.
Unloading 12 Unused Serialized files (Serialized files now loaded: 0)
System memory in use before: 45.9 MB.
System memory in use after: 46.0 MB.

Unloading 12 unused Assets to reduce memory usage. Loaded Objects now: 2292.
Total: 6.052000 ms (FindLiveObjects: 0.384800 ms CreateObjectMapping: 0.222700 ms MarkObjects: 5.341600 ms  DeleteObjects: 0.100400 ms)

========================================================================
Received Import Request.
  Time since last request: 747.595032 seconds.
  path: Assets/Scenes/NotePad.unity
  artifactKey: Guid(f713e52adfd864842b62427ba65d056c) Importer(815301076,1909f56bfc062723c751e8b465ee728b)
Start importing Assets/Scenes/NotePad.unity using Guid(f713e52adfd864842b62427ba65d056c) Importer(815301076,1909f56bfc062723c751e8b465ee728b)  -> (artifact id: 'b106487604328dd091ce4ab31404c731') in 0.035382 seconds
  Import took 0.085349 seconds .

========================================================================
Received Prepare
Refreshing native plugins compatible for Editor in 14.30 ms, found 2 plugins.
Preloading 0 native plugins for Editor in 0.00 ms.
Unloading 12 Unused Serialized files (Serialized files now loaded: 0)
System memory in use before: 45.9 MB.
System memory in use after: 46.0 MB.

Unloading 12 unused Assets to reduce memory usage. Loaded Objects now: 2292.
Total: 10.545700 ms (FindLiveObjects: 0.590400 ms CreateObjectMapping: 0.246700 ms MarkObjects: 9.484800 ms  DeleteObjects: 0.193100 ms)

AssetImportWorkerClient::OnTransportError - code=2 error=End of file
